timestamp: 2018-06-03T15:57:11.651000
CREATE TABLE "users"(
    "id" INTEGER PRIMARY KEY AUTOINCREMENT,
    "db_firstname" CHAR(512),
    "db_lastname" CHAR(512),
    "db_email" CHAR(512),
    "db_password" CHAR(512)
);
success!
timestamp: 2018-11-19T15:32:20.617000
ALTER TABLE "users" ADD "firstname" CHAR(512);
timestamp: 2018-11-19T15:32:20.770000
ALTER TABLE "users" ADD "lastname" CHAR(512);
timestamp: 2018-11-19T15:32:20.891000
ALTER TABLE "users" ADD "email" CHAR(512);
timestamp: 2018-11-19T15:32:20.968000
ALTER TABLE "users" ADD "phonenumber" CHAR(512);
timestamp: 2018-11-19T15:32:21.059000
ALTER TABLE "users" ADD "gender" CHAR(512);
timestamp: 2018-11-19T15:32:21.182000
ALTER TABLE "users" ADD "password" CHAR(512);
success!
success!
success!
success!
success!
success!
success!
success!
success!
success!
success!
success!
success!
success!
success!
success!
success!
success!
success!
success!
success!
success!
success!
success!
success!
success!
success!
success!
success!
success!
success!
success!
success!
success!
success!
success!
success!
success!
success!
success!
success!
success!
success!
success!
success!
success!
success!
success!
success!
success!
success!
success!
success!
success!
success!
success!
success!
success!
success!
success!
success!
success!
success!
success!
success!
success!
success!
success!
success!
success!
success!
success!
success!
success!
success!
success!
success!
success!
success!
success!
success!
success!
success!
success!
success!
success!
success!
success!
success!
success!
success!
success!
success!
success!
success!
success!
success!
success!
success!
success!
success!
success!
success!
success!
success!
success!
success!
success!
success!
success!
success!
success!
success!
success!
success!
success!
success!
success!
success!
success!
success!
success!
success!
success!
success!
success!
success!
success!
success!
success!
success!
success!
success!
success!
success!
success!
